c:\users\bora\desktop\godot projects\king_s gambit\src\kingsgambitcpp\x64\debug\vc142.pdb
c:\users\bora\desktop\godot projects\king_s gambit\src\kingsgambitcpp\x64\debug\vc142.idb
c:\users\bora\documents\godotprojects\king-s-gambit\king_s gambit\src\kingsgambitcpp\x64\debug\vc142.pdb
c:\users\bora\documents\godotprojects\king-s-gambit\king_s gambit\src\kingsgambitcpp\x64\debug\vc142.idb
c:\users\bora\documents\godotprojects\king-s-gambit\king_s gambit\src\kingsgambitcpp\x64\debug\test.obj
c:\users\bora\documents\godotprojects\king-s-gambit\king_s gambit\src\kingsgambitcpp\x64\debug\chessboard.obj
c:\users\bora\documents\godotprojects\king-s-gambit\king_s gambit\src\kingsgambitcpp\x64\debug\square.obj
c:\users\bora\documents\godotprojects\king-s-gambit\king_s gambit\src\kingsgambitcpp\x64\debug\godotlib.obj
c:\users\bora\documents\godotprojects\king-s-gambit\king_s gambit\src\kingsgambitcpp\x64\debug\chesspiece.obj
c:\users\bora\documents\godotprojects\king-s-gambit\king_s gambit\src\kingsgambitcpp\x64\debug\turncontroller.obj
c:\users\bora\documents\godotprojects\king-s-gambit\king_s gambit\src\kingsgambitcpp\x64\debug\pawn.obj
c:\users\bora\documents\godotprojects\king-s-gambit\king_s gambit\src\kingsgambitcpp\x64\debug\queen.obj
c:\users\bora\documents\godotprojects\king-s-gambit\king_s gambit\src\kingsgambitcpp\x64\debug\whiteking.obj
c:\users\bora\documents\godotprojects\king-s-gambit\king_s gambit\src\kingsgambitcpp\x64\debug\rook.obj
c:\users\bora\documents\godotprojects\king-s-gambit\king_s gambit\src\kingsgambitcpp\x64\debug\knight.obj
c:\users\bora\documents\godotprojects\king-s-gambit\king_s gambit\src\kingsgambitcpp\x64\debug\bishop.obj
c:\users\bora\documents\godotprojects\king-s-gambit\king_s gambit\src\kingsgambitcpp\x64\debug\blackking.obj
c:\users\bora\documents\godotprojects\king-s-gambit\king_s gambit\src\kingsgambitcpp\x64\debug\piecespawner.obj
c:\users\bora\documents\godotprojects\king-s-gambit\king_s gambit\src\kingsgambitcpp\x64\debug\sniper.obj
c:\users\bora\documents\godotprojects\king-s-gambit\king_s gambit\src\kingsgambitcpp\x64\debug\gun.obj
c:\users\bora\documents\godotprojects\king-s-gambit\king_s gambit\src\kingsgambitcpp\x64\debug\cameranoise.obj
c:\users\bora\documents\godotprojects\king-s-gambit\king_s gambit\src\kingsgambitcpp\kingsgambitcpp.lib
c:\users\bora\documents\godotprojects\king-s-gambit\king_s gambit\src\kingsgambitcpp\kingsgambitcpp.exp
c:\users\bora\documents\godotprojects\king-s-gambit\king_s gambit\src\kingsgambitcpp\kingsgambitcpp.dll
c:\users\bora\documents\godotprojects\king-s-gambit\king_s gambit\src\kingsgambitcpp\x64\debug\kingsgambitcpp.ilk
c:\users\bora\documents\godotprojects\king-s-gambit\king_s gambit\src\kingsgambitcpp\kingsgambitcpp.pdb
c:\users\bora\documents\godotprojects\king-s-gambit\king_s gambit\src\kingsgambitcpp\x64\debug\./kingsgambitcpp.ilk
c:\users\bora\documents\godotprojects\king-s-gambit\king_s gambit\src\kingsgambitcpp\x64\debug\kingsgambitcpp.tlog\cl.command.1.tlog
c:\users\bora\documents\godotprojects\king-s-gambit\king_s gambit\src\kingsgambitcpp\x64\debug\kingsgambitcpp.tlog\cl.read.1.tlog
c:\users\bora\documents\godotprojects\king-s-gambit\king_s gambit\src\kingsgambitcpp\x64\debug\kingsgambitcpp.tlog\cl.write.1.tlog
c:\users\bora\documents\godotprojects\king-s-gambit\king_s gambit\src\kingsgambitcpp\x64\debug\kingsgambitcpp.tlog\kingsgambitcpp.write.1u.tlog
c:\users\bora\documents\godotprojects\king-s-gambit\king_s gambit\src\kingsgambitcpp\x64\debug\kingsgambitcpp.tlog\link.command.1.tlog
c:\users\bora\documents\godotprojects\king-s-gambit\king_s gambit\src\kingsgambitcpp\x64\debug\kingsgambitcpp.tlog\link.read.1.tlog
c:\users\bora\documents\godotprojects\king-s-gambit\king_s gambit\src\kingsgambitcpp\x64\debug\kingsgambitcpp.tlog\link.write.1.tlog
